<?xml version="1.0" encoding="UTF-8"?>
<!-- Generated by org.testng.reporters.JUnitReportReporter -->
<testsuite hostname="admin" name="LaunchAppp" tests="1" failures="0" timestamp="5 Aug 2017 03:10:37 GMT" time="8.047" errors="0">
  <testcase name="myMainTest" time="8.047" classname="LaunchAppp"/>
</testsuite> <!-- LaunchAppp -->
